[2016-09-20 15:11:10] log_sistema.ERROR: Erro API {"return":false,"message":"No route found for \"GET /\"","code":404} []
[2016-09-20 15:12:04] log_sistema.ERROR: Erro API {"return":false,"message":"The controller must return a response (null given). Did you forget to add a return statement somewhere in your controller?","code":500} []
[2016-09-20 15:56:30] log_sistema.DEBUG: iniciando conexao com banco de dados [] []
[2016-09-20 15:56:31] log_sistema.DEBUG: conectado com sucesso [] []
[2016-09-20 15:57:58] log_sistema.DEBUG: iniciando conexao com banco de dados [] []
[2016-09-20 15:57:58] log_sistema.DEBUG: conectado com sucesso [] []
[2016-09-20 15:58:17] log_sistema.DEBUG: iniciando conexao com banco de dados [] []
[2016-09-20 15:58:17] log_sistema.DEBUG: conectado com sucesso [] []
[2016-09-20 15:59:04] log_sistema.DEBUG: iniciando conexao com banco de dados [] []
[2016-09-20 15:59:04] log_sistema.DEBUG: conectado com sucesso [] []
[2016-09-20 15:59:59] log_sistema.DEBUG: iniciando conexao com banco de dados [] []
[2016-09-20 15:59:59] log_sistema.DEBUG: conectado com sucesso [] []
[2016-09-20 16:04:17] log_sistema.DEBUG: iniciando conexao com banco de dados [] []
[2016-09-20 16:04:17] log_sistema.DEBUG: conectado com sucesso [] []
[2016-09-20 16:08:20] log_sistema.DEBUG: iniciando conexao com banco de dados [] []
[2016-09-20 16:08:20] log_sistema.DEBUG: conectado com sucesso [] []
[2016-09-20 18:06:29] log_sistema.DEBUG: iniciando conexao com banco de dados [] []
[2016-09-20 18:06:29] log_sistema.DEBUG: conectado com sucesso [] []
[2016-09-20 18:37:31] log_sistema.DEBUG: iniciando conexao com banco de dados [] []
[2016-09-20 18:37:31] log_sistema.DEBUG: conectado com sucesso [] []
[2016-09-26 19:01:53] log_sistema.DEBUG: iniciando conexao com banco de dados [] []
[2016-09-26 19:01:54] log_sistema.DEBUG: conectado com sucesso [] []
[2016-09-26 19:01:54] log_sistema.ERROR: Erro API {"return":false,"message":"No route found for \"GET /\" (from \"http://localhost:10804/escritorio/\")","code":404} []
[2016-09-26 19:04:23] log_sistema.DEBUG: iniciando conexao com banco de dados [] []
[2016-09-26 19:04:23] log_sistema.DEBUG: conectado com sucesso [] []
[2016-09-26 19:04:23] log_sistema.ERROR: Erro API {"return":false,"message":"No route found for \"GET /\" (from \"http://localhost:10804/escritorio/\")","code":404} []
[2016-09-26 19:13:07] log_sistema.DEBUG: iniciando conexao com banco de dados [] []
[2016-09-26 19:13:07] log_sistema.DEBUG: conectado com sucesso [] []
[2016-09-26 19:13:07] log_sistema.ERROR: Erro API {"return":false,"message":"No route found for \"GET /\" (from \"http://localhost:10804/escritorio/\")","code":404} []
[2016-09-26 19:33:27] log_sistema.DEBUG: iniciando conexao com banco de dados [] []
[2016-09-26 19:33:27] log_sistema.DEBUG: conectado com sucesso [] []
[2016-09-26 19:33:27] log_sistema.ERROR: Erro API {"return":false,"message":"No route found for \"GET /\" (from \"http://localhost:10804/escritorio/\")","code":404} []
[2016-09-26 19:33:51] log_sistema.DEBUG: iniciando conexao com banco de dados [] []
[2016-09-26 19:33:51] log_sistema.DEBUG: conectado com sucesso [] []
[2016-09-26 19:33:51] log_sistema.ERROR: Erro API {"return":false,"message":"No route found for \"GET /rest/agendamento-categoria\"","code":404} []
[2016-09-26 19:35:15] log_sistema.DEBUG: iniciando conexao com banco de dados [] []
[2016-09-26 19:35:16] log_sistema.DEBUG: conectado com sucesso [] []
[2016-09-26 19:35:16] log_sistema.DEBUG: iniciando conexao com banco de dados [] []
[2016-09-26 19:35:16] log_sistema.DEBUG: conectado com sucesso [] []
[2016-09-26 19:35:16] log_sistema.ERROR: Erro API {"return":false,"message":"::Erro ao pesquisar dinamicamente no banco : Class 'Fasttmv\\Entity\\' does not exist","code":500} []
[2016-09-26 19:37:58] log_sistema.DEBUG: iniciando conexao com banco de dados [] []
[2016-09-26 19:37:58] log_sistema.DEBUG: conectado com sucesso [] []
[2016-09-26 19:37:58] log_sistema.ERROR: Erro API {"return":false,"message":"::Erro ao pesquisar dinamicamente no banco : Class 'Fasttmv\\Entity\\' does not exist","code":500} []
[2016-09-26 19:38:21] log_sistema.DEBUG: iniciando conexao com banco de dados [] []
[2016-09-26 19:38:21] log_sistema.DEBUG: conectado com sucesso [] []
[2016-09-26 19:38:21] log_sistema.ERROR: Erro API {"return":false,"message":"::Erro ao pesquisar dinamicamente no banco : Class 'Fasttmv\\Entity\\' does not exist","code":500} []
[2016-09-26 19:38:37] log_sistema.DEBUG: iniciando conexao com banco de dados [] []
[2016-09-26 19:38:37] log_sistema.DEBUG: conectado com sucesso [] []
[2016-09-26 19:38:37] log_sistema.ERROR: Erro API {"return":false,"message":"::Erro ao pesquisar dinamicamente no banco : Class 'Fasttmv\\Entity\\' does not exist","code":500} []
[2016-09-26 19:38:52] log_sistema.DEBUG: iniciando conexao com banco de dados [] []
[2016-09-26 19:38:53] log_sistema.DEBUG: conectado com sucesso [] []
[2016-09-26 19:38:53] log_sistema.ERROR: Erro API {"return":false,"message":"::Erro ao pesquisar dinamicamente no banco : Class 'Fasttmv\\Entity\\' does not exist","code":500} []
[2016-09-26 19:39:54] log_sistema.DEBUG: iniciando conexao com banco de dados [] []
[2016-09-26 19:39:54] log_sistema.DEBUG: conectado com sucesso [] []
[2016-09-26 19:39:54] log_sistema.ERROR: Erro API {"return":false,"message":"::Erro ao pesquisar dinamicamente no banco : Class 'Fasttmv\\Entity\\' does not exist","code":500} []
[2016-09-26 19:43:40] log_sistema.DEBUG: iniciando conexao com banco de dados [] []
[2016-09-26 19:43:40] log_sistema.DEBUG: conectado com sucesso [] []
[2016-09-26 19:50:13] log_sistema.DEBUG: iniciando conexao com banco de dados [] []
[2016-09-26 19:50:13] log_sistema.DEBUG: conectado com sucesso [] []
[2016-09-26 19:51:01] log_sistema.DEBUG: iniciando conexao com banco de dados [] []
[2016-09-26 19:51:01] log_sistema.DEBUG: conectado com sucesso [] []
